urllib3.connectionpool - DEBUG - Starting new HTTPS connection (1): www.monrovia.com:443
urllib3.connectionpool - DEBUG - https://www.monrovia.com:443 "GET /plant-catalog/search/?start_page=14 HTTP/1.1" 200 None
root - DEBUG - 0
root - DEBUG - Link: https://www.monrovia.com/plant-catalog/plants/2277/daubs-frosted-juniper
root - DEBUG - Plant Instance
urllib3.connectionpool - DEBUG - Starting new HTTPS connection (1): www.monrovia.com:443
urllib3.connectionpool - DEBUG - https://www.monrovia.com:443 "GET /plant-catalog/plants/2277/daubs-frosted-juniper HTTP/1.1" 301 None
urllib3.connectionpool - DEBUG - https://www.monrovia.com:443 "GET /plant-catalog/plants/2277/daubs-frosted-juniper/ HTTP/1.1" 200 None
root - DEBUG - Care Contents Length
root - DEBUG - 2
root - DEBUG - Care Contents
root - DEBUG - [<div class="label">Care Information</div>, 'Highly adaptable and easy to grow in most well-drained soils; avoid overly wet conditions. Water deeply, regularly during first growing season to establish an extensive root system. Once established, reduce frequency; tolerates mild drought. Feed with a general purpose fertilizer before new growth begins in spring.']
root - DEBUG - Data : {'Common Name': "Daub's Frosted Juniper", 'Scientific Name': "Juniperus chinensis 'Daub's Frosted'", 'Light': 'Full sun', 'Zone': '4 - 9', 'Patent Act:': None, 'Growth habit:': 'Spreading', 'Companion Plants': 'Rose (Rosa); Clematis (Clematis); Catmint (Nepeta); Barberry (Berberis); Russian Sage (Perovskia); Maiden Grass (Miscanthus)', 'Garden style': ['Asian/Zen', 'Contemporary', 'Rustic'], 'Sunset climate zones:': None, 'Foliage color:': ['Blue-green'], 'Flower attributes': None, 'Flower color:': None, 'Care': 'Highly adaptable and easy to grow in most well-drained soils; avoid overly wet conditions. Water deeply, regularly during first growing season to establish an extensive root system. Once established, reduce frequency; tolerates mild drought. Feed with a general purpose fertilizer before new growth begins in spring.', 'Watering Needs:': 'Once established, water occasionally; more in extreme heat.', 'Botanical Pronunciation:': 'ju-NIP-er-us chi-NEN-sis', 'Plant type:': ['Conifer', 'Shrub'], 'Deciduous/evergreen:': ['Evergreen'], 'Growth rate:': 'Fast', 'Average landscape size:': 'Quickly reaches 15 in. tall, spreading up to 5 ft. wide.', 'Special features:': ['Dramatic Foliage Color', 'Easy Care', 'Fast Growing', 'Tolerates Urban Pollution', 'Waterwise', 'Year-round Interest'], 'Blooms:': 'Conifer; prized for foliage.'}
root - DEBUG - 1
root - DEBUG - Link: https://www.monrovia.com/plant-catalog/plants/947/kaleidoscope-abelia
root - DEBUG - Plant Instance
urllib3.connectionpool - DEBUG - Starting new HTTPS connection (1): www.monrovia.com:443
urllib3.connectionpool - DEBUG - https://www.monrovia.com:443 "GET /plant-catalog/plants/947/kaleidoscope-abelia HTTP/1.1" 301 None
urllib3.connectionpool - DEBUG - https://www.monrovia.com:443 "GET /plant-catalog/plants/947/kaleidoscope-abelia/ HTTP/1.1" 200 None
root - DEBUG - Care Contents Length
root - DEBUG - 2
root - DEBUG - Care Contents
root - DEBUG - [<div class="label">Care Information</div>, 'Provide enriched, well-drained, acidic soil. Water deeply, regularly in first growing season to establish extensive root system. Once established, prefers regular water but tolerates dry spells, particularly in cooler regions. Protect in northern climates. Prune in late winter to early spring to shape, and apply a controlled-release fertilizer.Pruning time: winter to early spring.']
root - DEBUG - Data : {'Common Name': 'Kaleidoscope Abelia', 'Scientific Name': "Abelia x grandiflora 'Kaleidoscope' Plant Patent #16,988", 'Light': 'Partial to full sun', 'Zone': '6 - 9', 'Patent Act:': 'Asexual reproduction of plants protected by the Plant Patent Act is prohibited during the life of the patent.', 'Growth habit:': 'Compact', 'Companion Plants': 'Maiden Grass (Miscanthus); Heavenly Bamboo (Nandina); Pittosporum (Pittosporum); Barberry (Berberis); Lily of the Nile (Agapanthus)', 'Garden style': ['Contemporary', 'Cottage', 'Rustic'], 'Sunset climate zones:': '4 - 24, 28 - 35', 'Foliage color:': ['Variegated'], 'Flower attributes': ['Flowers for Cutting', 'Long Bloom Season'], 'Flower color:': ['White'], 'Care': 'Provide enriched, well-drained, acidic soil. Water deeply, regularly in first growing season to establish extensive root system. Once established, prefers regular water but tolerates dry spells, particularly in cooler regions. Protect in northern climates. Prune in late winter to early spring to shape, and apply a controlled-release fertilizer.Pruning time: winter to early spring.', 'Watering Needs:': 'Water regularly - weekly, or more often in extreme heat or containers.', 'Botanical Pronunciation:': 'a-BEE-lee-uh gran-dih-FLOR-uh', 'Plant type:': ['Shrub'], 'Deciduous/evergreen:': ['Evergreen'], 'Growth rate:': 'Moderate', 'Average landscape size:': 'Reaches 2 to 2 1/2 ft. tall, 3 to 3 1/2 ft. wide.', 'Special features:': ['Attracts Hummingbirds', 'Compact Form', 'Dramatic Foliage Color', 'Easy Care', 'Waterwise', 'Year-round Interest'], 'Blooms:': 'Summer through Early Fall'}
root - DEBUG - 2
root - DEBUG - Link: https://www.monrovia.com/plant-catalog/plants/5583/plumetastic-pink-muhly-grass
root - DEBUG - Plant Instance
urllib3.connectionpool - DEBUG - Starting new HTTPS connection (1): www.monrovia.com:443
urllib3.connectionpool - DEBUG - https://www.monrovia.com:443 "GET /plant-catalog/plants/5583/plumetastic-pink-muhly-grass HTTP/1.1" 301 None
urllib3.connectionpool - DEBUG - https://www.monrovia.com:443 "GET /plant-catalog/plants/5583/plumetastic-pink-muhly-grass/ HTTP/1.1" 200 None
root - DEBUG - Care Contents Length
root - DEBUG - 2
root - DEBUG - Care Contents
root - DEBUG - [<div class="label">Care Information</div>, 'Easy to grow and adaptable; thrives in average to lean, well-drained soils. Water deeply and regularly during the first growing season to establish an extensive root system; reduce frequency once established. For a neat appearance, hard prune old foliage annually, before new leaves emerge.Pruning time: late winter or early spring..']
root - DEBUG - Data : {'Common Name': 'Plumetastic® Pink Muhly Grass', 'Scientific Name': "Muhlenbergia capillaris 'Irvine'", 'Light': 'Partial to full sun', 'Zone': '7 - 10', 'Patent Act:': None, 'Growth habit:': 'Rounded', 'Companion Plants': 'Wonderful planted in mass with a solid wall background to highlight the flowers. Also attractive planted in the open next to a pond or pool. The delicate, airy flowers wave and shimmer in the wind. This plant is versatile and can be mixed into ornamental or native landscape designs. Superb hillside plant, especially when situated so that the flower plumes are back-lit by the afternoon sunlight.', 'Garden style': ['Contemporary', 'Rustic'], 'Sunset climate zones:': None, 'Foliage color:': ['Green'], 'Flower attributes': None, 'Flower color:': ['Purplish-pink'], 'Care': 'Easy to grow and adaptable; thrives in average to lean, well-drained soils. Water deeply and regularly during the first growing season to establish an extensive root system; reduce frequency once established. For a neat appearance, hard prune old foliage annually, before new leaves emerge.Pruning time: late winter or early spring..', 'Watering Needs:': 'Water regularly - weekly, or more often in extreme heat or containers.', 'Botanical Pronunciation:': 'mew-len-BERG-gee-uh kap-ill-AIR-iss', 'Plant type:': ['Perennial', 'Ornamental Grass'], 'Deciduous/evergreen:': ['Herbaceous'], 'Growth rate:': 'Fast', 'Average landscape size:': 'Reaches 2 to 3 ft. tall, clumping slightly wider; blooms reach 4 ft. tall.', 'Special features:': ['Bird Friendly', 'Easy Care', 'Fast Growing', 'North American Native Selection', 'Waterwise'], 'Blooms:': 'Late Summer through Fall'}
root - DEBUG - 3
root - DEBUG - Link: https://www.monrovia.com/plant-catalog/plants/534/ghost-fern
root - DEBUG - Plant Instance
urllib3.connectionpool - DEBUG - Starting new HTTPS connection (1): www.monrovia.com:443
urllib3.connectionpool - DEBUG - https://www.monrovia.com:443 "GET /plant-catalog/plants/534/ghost-fern HTTP/1.1" 301 None
urllib3.connectionpool - DEBUG - https://www.monrovia.com:443 "GET /plant-catalog/plants/534/ghost-fern/ HTTP/1.1" 200 None
root - DEBUG - Care Contents Length
root - DEBUG - 2
root - DEBUG - Care Contents
root - DEBUG - [<div class="label">Care Information</div>, 'Provide organically rich, well-drained soil. Best foliage color in light shade. Water regularly to maintain evenly moist soil; tolerates drier soils once established, but best with consistent moisture. Fertilize frequently during growing season. Cut back old fronds after new growth begins in spring. Divide clumps every 2 to 3 years.']
root - DEBUG - Data : {'Common Name': 'Ghost Fern', 'Scientific Name': "Athyrium 'Ghost'", 'Light': 'Full to partial shade', 'Zone': '4 - 9', 'Patent Act:': None, 'Growth habit:': None, 'Companion Plants': 'Coral Bells (Heuchera); Bleeding Heart (Dicentra); Hosta (Hosta); Lungwort (Pulmonaria); Ligularia (Ligularia)', 'Garden style': ['Asian/Zen', 'Cottage', 'Rustic'], 'Sunset climate zones:': None, 'Foliage color:': ['Gray-green'], 'Flower attributes': None, 'Flower color:': None, 'Care': 'Provide organically rich, well-drained soil. Best foliage color in light shade. Water regularly to maintain evenly moist soil; tolerates drier soils once established, but best with consistent moisture. Fertilize frequently during growing season. Cut back old fronds after new growth begins in spring. Divide clumps every 2 to 3 years.', 'Watering Needs:': 'Water regularly to maintain evenly moist soil - weekly, or more often.', 'Botanical Pronunciation:': 'a-THEE-ree-um', 'Plant type:': ['Fern'], 'Deciduous/evergreen:': ['Herbaceous'], 'Growth rate:': 'Moderate', 'Average landscape size:': 'Moderate growing; reaches 2 to 3 ft. tall and wide.', 'Special features:': ['Dramatic Foliage Color', 'Easy Care', 'Gift Plant'], 'Blooms:': 'Prized for foliage.'}
root - DEBUG - 4
root - DEBUG - Link: https://www.monrovia.com/plant-catalog/plants/365/barbara-karst-bougainvillea
root - DEBUG - Plant Instance
urllib3.connectionpool - DEBUG - Starting new HTTPS connection (1): www.monrovia.com:443
urllib3.connectionpool - DEBUG - https://www.monrovia.com:443 "GET /plant-catalog/plants/365/barbara-karst-bougainvillea HTTP/1.1" 301 None
urllib3.connectionpool - DEBUG - https://www.monrovia.com:443 "GET /plant-catalog/plants/365/barbara-karst-bougainvillea/ HTTP/1.1" 200 None
root - DEBUG - Care Contents Length
root - DEBUG - 2
root - DEBUG - Care Contents
root - DEBUG - [<div class="label">Care Information</div>, 'Provide average to lean, fast draining soil. USE CAUTION not to damage roots when planting. Water deeply, regularly in first growing season to establish root system. Reduce frequency, once established; water container plants regularly, when top 3 in. of soil are dry. Provide trellis or arbor support. Fertilize in spring.Pruning time: spring.']
root - DEBUG - Data : {'Common Name': 'Barbara Karst Bougainvillea', 'Scientific Name': "Bougainvillea 'Barbara Karst'", 'Light': 'Full sun', 'Zone': '10 - 11', 'Patent Act:': None, 'Growth habit:': None, 'Companion Plants': 'Lantana (Lantana); Cordyline (Cordyline); Salvia (Salvia); Evergreen Clematis (Clematis); Upright Juniper (Juniperus)', 'Garden style': ['Contemporary', 'Cottage', 'Mediterranean', 'Rustic', 'Tropical'], 'Sunset climate zones:': None, 'Foliage color:': ['Green'], 'Flower attributes': ['Showy Flowers'], 'Flower color:': ['Red'], 'Care': 'Provide average to lean, fast draining soil. USE CAUTION not to damage roots when planting. Water deeply, regularly in first growing season to establish root system. Reduce frequency, once established; water container plants regularly, when top 3 in. of soil are dry. Provide trellis or arbor support. Fertilize in spring.Pruning time: spring.', 'Watering Needs:': 'Once established, water occasionally; more in extreme heat or containers.', 'Botanical Pronunciation:': 'boo-gan-VIL-lee-uh', 'Plant type:': ['Vine - Requires Support'], 'Deciduous/evergreen:': ['Evergreen'], 'Growth rate:': 'Fast', 'Average landscape size:': 'Vigorous stems quickly climb 20 to 30 ft. with support.', 'Special features:': ['Easy Care', 'Fast Growing', 'Tolerates Urban Pollution', 'Waterwise', 'Year-round Interest'], 'Blooms:': 'Summer; nearly year-round in frost-free regions.'}
root - DEBUG - 5
root - DEBUG - Link: https://www.monrovia.com/plant-catalog/plants/1499/variegated-japanese-water-iris
root - DEBUG - Plant Instance
urllib3.connectionpool - DEBUG - Starting new HTTPS connection (1): www.monrovia.com:443
urllib3.connectionpool - DEBUG - https://www.monrovia.com:443 "GET /plant-catalog/plants/1499/variegated-japanese-water-iris HTTP/1.1" 301 None
urllib3.connectionpool - DEBUG - https://www.monrovia.com:443 "GET /plant-catalog/plants/1499/variegated-japanese-water-iris/ HTTP/1.1" 200 None
root - DEBUG - Care Contents Length
root - DEBUG - 2
root - DEBUG - Care Contents
root - DEBUG - [<div class="label">Care Information</div>, 'Provide organically rich, humusy, acidic, moisture retentive soil. Maintain evenly moist soil in first growing season to establish root system. Once established, tolerates soggy soils and standing water in growing season; reduce soil moisture in winter to prevent root rot. Remove old, faded foliage before new leaves emerge.']
root - DEBUG - Data : {'Common Name': 'Variegated Japanese Water Iris', 'Scientific Name': "Iris ensata 'Variegata'", 'Light': 'Partial to full sun', 'Zone': '4 - 8', 'Patent Act:': None, 'Growth habit:': None, 'Companion Plants': 'Water iris will grow well in water gardens or in low, soggy ground. Its variegated leaf is exceptionally beautiful and adds interest to otherwise solid green marginals and waterside plants. A great plant for backyard ponds or larger container water gardens.', 'Garden style': ['Asian/Zen', 'Cottage', 'Rustic'], 'Sunset climate zones:': '1 - 10, 14 - 24', 'Foliage color:': ['Variegated'], 'Flower attributes': ['Flowers for Cutting', 'Showy Flowers'], 'Flower color:': ['Blue'], 'Care': 'Provide organically rich, humusy, acidic, moisture retentive soil. Maintain evenly moist soil in first growing season to establish root system. Once established, tolerates soggy soils and standing water in growing season; reduce soil moisture in winter to prevent root rot. Remove old, faded foliage before new leaves emerge.', 'Watering Needs:': 'Water regularly to maintain wet or evenly moist soil - weekly or more.', 'Botanical Pronunciation:': 'EYE-riss en-SA-tuh var-ee-GAY-tuh', 'Plant type:': ['Perennial'], 'Deciduous/evergreen:': ['Herbaceous'], 'Growth rate:': 'Moderate', 'Average landscape size:': 'Fan-shaped foliage reaches 2 ft. tall and wide; flowers slightly taller.', 'Special features:': ['Dramatic Foliage Color', 'Easy Care'], 'Blooms:': 'Early Summer'}
root - DEBUG - 6
root - DEBUG - Link: https://www.monrovia.com/plant-catalog/plants/2164/danica-arborvitae
root - DEBUG - Plant Instance
urllib3.connectionpool - DEBUG - Starting new HTTPS connection (1): www.monrovia.com:443
urllib3.connectionpool - DEBUG - https://www.monrovia.com:443 "GET /plant-catalog/plants/2164/danica-arborvitae HTTP/1.1" 301 None
urllib3.connectionpool - DEBUG - https://www.monrovia.com:443 "GET /plant-catalog/plants/2164/danica-arborvitae/ HTTP/1.1" 200 None
root - DEBUG - Care Contents Length
root - DEBUG - 2
root - DEBUG - Care Contents
root - DEBUG - [<div class="label">Care Information</div>, 'Thrives in enriched, evenly moist, loamy, well-drained soils; dislikes dry conditions. Provide afternoon shade in hot summer regions and protect from harsh winds. Water deeply, regularly during first growing season to establish an extensive root system. Fertilize in early spring. Prune lightly, only as needed to shape.Pruning time: spring; do not hard prune..']
root - DEBUG - Data : {'Common Name': 'Danica Arborvitae', 'Scientific Name': "Thuja occidentalis 'Danica'", 'Light': 'Full sun', 'Zone': '4 - 8', 'Patent Act:': None, 'Growth habit:': 'Rounded', 'Companion Plants': 'Plant a low, informal hedge of this evergreen to divide parts of the garden or between properties where it will partition without blocking views. It also makes a fine accent at the base of an arbor or gate.', 'Garden style': ['Asian/Zen', 'Rustic'], 'Sunset climate zones:': None, 'Foliage color:': ['Green'], 'Flower attributes': None, 'Flower color:': None, 'Care': 'Thrives in enriched, evenly moist, loamy, well-drained soils; dislikes dry conditions. Provide afternoon shade in hot summer regions and protect from harsh winds. Water deeply, regularly during first growing season to establish an extensive root system. Fertilize in early spring. Prune lightly, only as needed to shape.Pruning time: spring; do not hard prune..', 'Watering Needs:': 'Water regularly - weekly, or more often in extreme heat or containers.', 'Botanical Pronunciation:': 'THOO-yuh ok-si-den-TAY-lis', 'Plant type:': ['Conifer', 'Shrub'], 'Deciduous/evergreen:': ['Evergreen'], 'Growth rate:': 'Moderate', 'Average landscape size:': 'Moderate growing; reaches 2 ft. tall and wide.', 'Special features:': ['Bird Friendly', 'Dwarf Plant', 'North American Native Selection', 'Year-round Interest'], 'Blooms:': 'Conifer; prized for foliage.'}
root - DEBUG - 7
root - DEBUG - Link: https://www.monrovia.com/plant-catalog/plants/1232/inspecteur-lavergne-peony
root - DEBUG - Plant Instance
urllib3.connectionpool - DEBUG - Starting new HTTPS connection (1): www.monrovia.com:443
urllib3.connectionpool - DEBUG - https://www.monrovia.com:443 "GET /plant-catalog/plants/1232/inspecteur-lavergne-peony HTTP/1.1" 301 None
urllib3.connectionpool - DEBUG - https://www.monrovia.com:443 "GET /plant-catalog/plants/1232/inspecteur-lavergne-peony/ HTTP/1.1" 200 None
root - DEBUG - Care Contents Length
root - DEBUG - 2
root - DEBUG - Care Contents
root - DEBUG - [<div class="label">Care Information</div>, 'Provide enriched, slightly acidic, well-drained soil; plant with crown slightly below soil level. Water deeply, regularly in first growing season to establish an extensive root system. Remove spent blooms for a neat appearance. Apply side dressing of organic compost annually. Remove old foliage in the fall.']
root - DEBUG - Data : {'Common Name': 'Inspecteur Lavergne Peony', 'Scientific Name': "Paeonia lactiflora 'Inspecteur Lavergne'", 'Light': 'Full sun', 'Zone': '4 - 8', 'Patent Act:': None, 'Growth habit:': 'Upright', 'Companion Plants': 'Hydrangea (Hydrangea); Mock Orange (Philadelphus); Coneflower (Echinacea); Phlox (Phlox); Bellflower (Campanula)', 'Garden style': ['Asian/Zen', 'Cottage'], 'Sunset climate zones:': None, 'Foliage color:': ['Green'], 'Flower attributes': ['Flowers for Cutting', 'Showy Flowers'], 'Flower color:': ['Red'], 'Care': 'Provide enriched, slightly acidic, well-drained soil; plant with crown slightly below soil level. Water deeply, regularly in first growing season to establish an extensive root system. Remove spent blooms for a neat appearance. Apply side dressing of organic compost annually. Remove old foliage in the fall.', 'Watering Needs:': 'Water regularly - weekly, or more often in extreme heat or containers.', 'Botanical Pronunciation:': 'pay-OHN-ee-uh', 'Plant type:': ['Peony', 'Perennial'], 'Deciduous/evergreen:': ['Herbaceous'], 'Growth rate:': 'Fast', 'Average landscape size:': 'Fast growing; reaches 1 1/2 to 2 ft. tall, 2 to 3 ft. wide.', 'Special features:': ['Easy Care', 'Fast Growing', 'Gift Plant'], 'Blooms:': 'Mid to Late Spring'}
root - DEBUG - 8
root - DEBUG - Link: https://www.monrovia.com/plant-catalog/plants/479/red-star-dracaena-palm
root - DEBUG - Plant Instance
urllib3.connectionpool - DEBUG - Starting new HTTPS connection (1): www.monrovia.com:443
urllib3.connectionpool - DEBUG - https://www.monrovia.com:443 "GET /plant-catalog/plants/479/red-star-dracaena-palm HTTP/1.1" 301 None
urllib3.connectionpool - DEBUG - https://www.monrovia.com:443 "GET /plant-catalog/plants/479/red-star-dracaena-palm/ HTTP/1.1" 200 None
root - DEBUG - Care Contents Length
root - DEBUG - 2
root - DEBUG - Care Contents
root - DEBUG - [<div class="label">Care Information</div>, 'Thrives in deep, fertile, well-drained soils; shelter from harsh winds. Water deeply, regularly in first growing season to develop root system. Once established in landscape water regularly during growing season; reduce frequency in cooler winter months. Water container plants when soil surface becomes dry. Move indoors before the threat of frost.']
root - DEBUG - Data : {'Common Name': 'Red Star Dracaena Palm', 'Scientific Name': "Cordyline australis 'Red Star'", 'Light': 'Partial to full sun', 'Zone': '9 - 11', 'Patent Act:': None, 'Growth habit:': None, 'Companion Plants': 'Red Star Cordyline works well in a modern or tropical landscape, or in a decorative patio container planted alone or with complementary perennials. The architectural structure of the plant lends itself to a minimalist landscape. Plant linear with decorative rock or a small textured groundcover.', 'Garden style': ['Contemporary', 'Mediterranean', 'Tropical'], 'Sunset climate zones:': None, 'Foliage color:': ['Burgundy'], 'Flower attributes': ['Fragrant', 'Showy Flowers'], 'Flower color:': ['White'], 'Care': 'Thrives in deep, fertile, well-drained soils; shelter from harsh winds. Water deeply, regularly in first growing season to develop root system. Once established in landscape water regularly during growing season; reduce frequency in cooler winter months. Water container plants when soil surface becomes dry. Move indoors before the threat of frost.', 'Watering Needs:': 'Water regularly - weekly, or more often in extreme heat or containers.', 'Botanical Pronunciation:': 'kor-di-ly-nee aw-STRAL-iss', 'Plant type:': ['Perennial'], 'Deciduous/evergreen:': ['Evergreen'], 'Growth rate:': 'Moderate', 'Average landscape size:': 'Moderate growing; reaches 8 to 10 ft. tall, 5 ft. wide.', 'Special features:': ['Dramatic Foliage Color', 'Easy Care', 'Gift Plant', 'Waterwise', 'Year-round Interest'], 'Blooms:': 'Early Summer'}
root - DEBUG - 9
root - DEBUG - Link: https://www.monrovia.com/plant-catalog/plants/1456/patriot-hosta
root - DEBUG - Plant Instance
urllib3.connectionpool - DEBUG - Starting new HTTPS connection (1): www.monrovia.com:443
urllib3.connectionpool - DEBUG - https://www.monrovia.com:443 "GET /plant-catalog/plants/1456/patriot-hosta HTTP/1.1" 301 None
urllib3.connectionpool - DEBUG - https://www.monrovia.com:443 "GET /plant-catalog/plants/1456/patriot-hosta/ HTTP/1.1" 200 None
root - DEBUG - Care Contents Length
root - DEBUG - 2
root - DEBUG - Care Contents
root - DEBUG - [<div class="label">Care Information</div>, 'Provide slightly acidic, evenly moist, well-drained, humusy soil. Avoid harsh sun exposures. Water deeply, regularly in first growing season to establish an extensive root system; once established, reduce frequency. Remove old, faded foliage before new leaves emerge in early spring.Pruning time: divide every 2 to 3 years in early spring..']
root - DEBUG - Data : {'Common Name': 'Patriot Hosta', 'Scientific Name': "Hosta x 'Patriot'", 'Light': 'Full shade to filtered sun', 'Zone': '4 - 8', 'Patent Act:': None, 'Growth habit:': None, 'Companion Plants': "Where Hosta can't stand the heat, try Patriot in shade gardens. This is one of the few that works well in shaded tropical or exotic gardens. Its small scale is perfect for pockets in city gardens or courtyards, where every inch is premium. Particularly valuable to add brightness in Fern dells under trees and shade structures. Ideal as leafy accents where splash from non-chlorinated fountains and water gardens keep soils evenly moist.", 'Garden style': ['Asian/Zen', 'Contemporary', 'Cottage', 'Rustic'], 'Sunset climate zones:': '1 - 10, 14 - 21', 'Foliage color:': ['Green'], 'Flower attributes': ['Showy Flowers'], 'Flower color:': ['Purple'], 'Care': 'Provide slightly acidic, evenly moist, well-drained, humusy soil. Avoid harsh sun exposures. Water deeply, regularly in first growing season to establish an extensive root system; once established, reduce frequency. Remove old, faded foliage before new leaves emerge in early spring.Pruning time: divide every 2 to 3 years in early spring..', 'Watering Needs:': 'Water regularly - weekly, or more often in extreme heat or containers.', 'Botanical Pronunciation:': 'HOSS-tuh', 'Plant type:': ['Perennial'], 'Deciduous/evergreen:': ['Herbaceous'], 'Growth rate:': 'Moderate', 'Average landscape size:': 'Moderate growing; forms dense clump 12 to 20 in. tall, 30 in. wide.', 'Special features:': ['Attracts Hummingbirds', 'Compact Form', 'Dramatic Foliage Color', 'Easy Care', 'Gift Plant'], 'Blooms:': 'Summer'}
root - DEBUG - 10
root - DEBUG - Link: https://www.monrovia.com/plant-catalog/plants/1826/black-tulip-magnolia
root - DEBUG - Plant Instance
urllib3.connectionpool - DEBUG - Starting new HTTPS connection (1): www.monrovia.com:443
urllib3.connectionpool - DEBUG - https://www.monrovia.com:443 "GET /plant-catalog/plants/1826/black-tulip-magnolia HTTP/1.1" 301 None
urllib3.connectionpool - DEBUG - https://www.monrovia.com:443 "GET /plant-catalog/plants/1826/black-tulip-magnolia/ HTTP/1.1" 200 None
root - DEBUG - Care Contents Length
root - DEBUG - 2
root - DEBUG - Care Contents
root - DEBUG - [<div class="label">Care Information</div>, 'Provide deep, organically rich, acidic, evenly moist, well-drained soil; does not tolerate heavy, wet soils or drought. Water deeply, regularly during the first few growing seasons to establish an extensive root system; once established, reduce frequency, but continue to water deeply. Apply fertilizer before new growth begins in spring.']
root - DEBUG - Data : {'Common Name': 'Black Tulip™ Magnolia', 'Scientific Name': "Magnolia x soulangiana 'Jurmag1' Plant Patent Applied For", 'Light': 'Full sun', 'Zone': '5 - 9', 'Patent Act:': 'Asexual reproduction of plants protected by the Plant Patent Act is prohibited during the life of the patent.', 'Growth habit:': None, 'Companion Plants': 'This smaller yet exquisite dark flowering magnolia is the ideal early spring specimen for a close range focal point. Provides a vital seasonal accent tree integrated into foundation plantings. Well sized for edges of perennial borders or mixed borders with a background of tall, dark evergreens. Vital in pairs in the formal or Colonial composition and with federal style architecture. Superior urban front yard tree for high attention in the early season. Beautifully featured as a backdrop to flowering shrubs such as Rhododendrons, Camellias or Azaleas. Contributes a note of elegance in historic institutional plantings.', 'Garden style': ['Asian/Zen', 'Contemporary'], 'Sunset climate zones:': None, 'Foliage color:': ['Green'], 'Flower attributes': ['Flowers for Cutting', 'Showy Flowers'], 'Flower color:': ['Purplish-pink'], 'Care': 'Provide deep, organically rich, acidic, evenly moist, well-drained soil; does not tolerate heavy, wet soils or drought. Water deeply, regularly during the first few growing seasons to establish an extensive root system; once established, reduce frequency, but continue to water deeply. Apply fertilizer before new growth begins in spring.', 'Watering Needs:': 'Water deeply, regularly - weekly, or more in extreme heat or containers.', 'Botanical Pronunciation:': 'mag-NOH-lee-uh sew-lan-gee-AH-na', 'Plant type:': ['Magnolia', 'Tree'], 'Deciduous/evergreen:': ['Deciduous'], 'Growth rate:': 'Moderate', 'Average landscape size:': 'Moderate growing; reaches 15 to 20 ft. tall, 6 to 10 ft. wide.', 'Special features:': ['Attractive Bark', 'Easy Care'], 'Blooms:': 'Early Spring'}
root - DEBUG - 11
root - DEBUG - Link: https://www.monrovia.com/plant-catalog/plants/574/great-expectations-hosta
root - DEBUG - Plant Instance
urllib3.connectionpool - DEBUG - Starting new HTTPS connection (1): www.monrovia.com:443
urllib3.connectionpool - DEBUG - https://www.monrovia.com:443 "GET /plant-catalog/plants/574/great-expectations-hosta HTTP/1.1" 301 None
urllib3.connectionpool - DEBUG - https://www.monrovia.com:443 "GET /plant-catalog/plants/574/great-expectations-hosta/ HTTP/1.1" 200 None
root - DEBUG - Care Contents Length
root - DEBUG - 2
root - DEBUG - Care Contents
root - DEBUG - [<div class="label">Care Information</div>, 'Provide slightly acidic, evenly moist, well-drained, humusy soil. Avoid harsh sun exposures. Water deeply, regularly in first growing season to establish an extensive root system; once established, reduce frequency. Remove old, faded foliage before new leaves emerge in early spring.Pruning time: divide every 2 to 3 years in early spring..']
root - DEBUG - Data : {'Common Name': 'Great Expectations Hosta', 'Scientific Name': "Hosta x 'Great Expectations'", 'Light': 'Full to partial shade', 'Zone': '3 - 8', 'Patent Act:': None, 'Growth habit:': None, 'Companion Plants': 'Mukdenia (Mukdenia); Coral Bells (Heuchera); Astilbe (Astilbe); Columbine (Aquilegia); Bleeding Heart (Dicentra)', 'Garden style': ['Asian/Zen', 'Contemporary', 'Cottage', 'Rustic'], 'Sunset climate zones:': '1 - 10, 14 - 21', 'Foliage color:': ['Variegated'], 'Flower attributes': None, 'Flower color:': ['Purple'], 'Care': 'Provide slightly acidic, evenly moist, well-drained, humusy soil. Avoid harsh sun exposures. Water deeply, regularly in first growing season to establish an extensive root system; once established, reduce frequency. Remove old, faded foliage before new leaves emerge in early spring.Pruning time: divide every 2 to 3 years in early spring..', 'Watering Needs:': 'Water regularly - weekly, or more often in extreme heat or containers.', 'Botanical Pronunciation:': 'HOSS-tuh', 'Plant type:': ['Perennial'], 'Deciduous/evergreen:': ['Herbaceous'], 'Growth rate:': 'Moderate', 'Average landscape size:': 'Moderate growing; forms foliage clump 2 ft. tall, 3 ft. wide.', 'Special features:': ['Attracts Hummingbirds', 'Dramatic Foliage Color', 'Easy Care', 'Gift Plant'], 'Blooms:': 'Summer'}
root - DEBUG - Plant data
root - DEBUG - [<plant.Plant object at 0x03BF7D18>, <plant.Plant object at 0x03D1D250>, <plant.Plant object at 0x03DC86A0>, <plant.Plant object at 0x03E82DF0>, <plant.Plant object at 0x03D1D1D8>, <plant.Plant object at 0x03F404F0>, <plant.Plant object at 0x040A1CD0>, <plant.Plant object at 0x0415E118>, <plant.Plant object at 0x03E9C268>, <plant.Plant object at 0x03F4E868>, <plant.Plant object at 0x03FFA9A0>, <plant.Plant object at 0x040ACF40>]
